\BOOKMARK [1][-]{section.1}{Markov chains}{}% 1
\BOOKMARK [1][-]{section.2}{Gilbert-Shannon-Reeds model of riffle shuffle}{}% 2
\BOOKMARK [1][-]{section.3}{Hopf algebras}{}% 3
\BOOKMARK [2][-]{subsection.3.1}{Preliminaries}{section.3}% 4
\BOOKMARK [3][-]{subsubsection.3.1.1}{Rotational remarks}{subsection.3.1}% 5
\BOOKMARK [3][-]{subsubsection.3.1.2}{Tensor products}{subsection.3.1}% 6
\BOOKMARK [2][-]{subsection.3.2}{Algebras}{section.3}% 7
\BOOKMARK [2][-]{subsection.3.3}{Coalgebras}{section.3}% 8
\BOOKMARK [2][-]{subsection.3.4}{Bialgebras}{section.3}% 9
\BOOKMARK [3][-]{subsubsection.3.4.1}{Convolution}{subsection.3.4}% 10
\BOOKMARK [2][-]{subsection.3.5}{Hopf algebras}{section.3}% 11
\BOOKMARK [2][-]{subsection.3.6}{Examples}{section.3}% 12
\BOOKMARK [3][-]{subsubsection.3.6.1}{Graded, connected Hopf algebra of polynomials}{subsection.3.6}% 13
\BOOKMARK [1][-]{section.4}{Graded, connected, associative Hopf algebras of variables}{}% 14
\BOOKMARK [2][-]{subsection.4.1}{Free associative Hopf algebra}{section.4}% 15
\BOOKMARK [2][-]{subsection.4.2}{Some further remarks about structure}{section.4}% 16
\BOOKMARK [2][-]{subsection.4.3}{Alternative structure }{section.4}% 17
\BOOKMARK [3][-]{subsubsection.4.3.1}{Graded dual}{subsection.4.3}% 18
\BOOKMARK [1][-]{section.5}{Connection}{}% 19
\BOOKMARK [1][-]{section.6}{Left and right eigenbases}{}% 20
\BOOKMARK [2][-]{subsection.6.1}{Left eigenbasis}{section.6}% 21
\BOOKMARK [2][-]{subsection.6.2}{Right eigenbasis}{section.6}% 22
\BOOKMARK [1][-]{section.7}{Summation}{}% 23
